<?xml version="1.0" encoding="UTF-8"?>
<!-- Generated by org.testng.reporters.JUnitReportReporter -->
<testsuite hostname="DESKTOP-FQ8EKQD" failures="0" tests="1" name="com.test.lib.TestLib" time="44.822" errors="0" timestamp="2020-12-16T22:18:22 IST" skipped="0">
  <testcase classname="com.test.lib.TestLib" name="HS_PermissionScreen_TC_1" time="44.822"/>
  <system-out/>
</testsuite> <!-- com.test.lib.TestLib -->
