<?xml version="1.0" encoding="UTF-8"?>
<!-- Generated by org.testng.reporters.JUnitReportReporter -->
<testsuite hostname="DESKTOP-FQ8EKQD" failures="0" tests="3" name="com.mobile.test.HS_Mobile_Test" time="7.078" errors="0" timestamp="2020-12-11T19:44:07 IST" skipped="0">
  <testcase classname="com.mobile.test.HS_Mobile_Test" name="HS_PermissionScreen_TC_1" time="5.949"/>
  <system-out/>
  <testcase classname="com.mobile.test.HS_Mobile_Test" name="HS_PermissionScreen_TC_2" time="0.740"/>
  <system-out/>
  <testcase classname="com.mobile.test.HS_Mobile_Test" name="HS_PermissionScreen_TC_3" time="0.389"/>
  <system-out/>
</testsuite> <!-- com.mobile.test.HS_Mobile_Test -->
